# JRE version: OpenJDK Runtime Environment (8.0_131-b11) (build 1.8.0_131-8u131-b11-0ubuntu1.17.04.1-b11)
# Java VM: OpenJDK 64-Bit Server VM (25.131-b11 mixed mode linux-amd64 compressed oops)
Heap:
 PSYoungGen      total 107520K, used 0K [0x00000000ec100000, 0x00000000f3d00000, 0x0000000100000000)
  eden space 99840K, 0% used [0x00000000ec100000,0x00000000ec100000,0x00000000f2280000)
  from space 7680K, 0% used [0x00000000f2b00000,0x00000000f2b00000,0x00000000f3280000)
  to   space 10752K, 0% used [0x00000000f3280000,0x00000000f3280000,0x00000000f3d00000)
 ParOldGen       total 45568K, used 21579K [0x00000000c4200000, 0x00000000c6e80000, 0x00000000ec100000)
  object space 45568K, 47% used [0x00000000c4200000,0x00000000c5712d10,0x00000000c6e80000)
 Metaspace       used 34766K, capacity 35292K, committed 35496K, reserved 1079296K
  class space    used 4631K, capacity 4843K, committed 4864K, reserved 1048576K
GC Heap History (10 events):
Event: 8.209 GC heap after
Heap after GC invocations=8 (full 1):
 PSYoungGen      total 69120K, used 0K [0x00000000ec100000, 0x00000000f4900000, 0x0000000100000000)
  eden space 60928K, 0% used [0x00000000ec100000,0x00000000ec100000,0x00000000efc80000)
  from space 8192K, 0% used [0x00000000efc80000,0x00000000efc80000,0x00000000f0480000)
  to   space 8704K, 0% used [0x00000000f4080000,0x00000000f4080000,0x00000000f4900000)
 ParOldGen       total 45568K, used 12519K [0x00000000c4200000, 0x00000000c6e80000, 0x00000000ec100000)
  object space 45568K, 27% used [0x00000000c4200000,0x00000000c4e39eb0,0x00000000c6e80000)
 Metaspace       used 20898K, capacity 21144K, committed 21296K, reserved 1067008K
  class space    used 2803K, capacity 2905K, committed 2944K, reserved 1048576K
}
Event: 11.960 GC heap before
{Heap before GC invocations=9 (full 1):
 PSYoungGen      total 69120K, used 60928K [0x00000000ec100000, 0x00000000f4900000, 0x0000000100000000)
  eden space 60928K, 100% used [0x00000000ec100000,0x00000000efc80000,0x00000000efc80000)
  from space 8192K, 0% used [0x00000000efc80000,0x00000000efc80000,0x00000000f0480000)
  to   space 8704K, 0% used [0x00000000f4080000,0x00000000f4080000,0x00000000f4900000)
 ParOldGen       total 45568K, used 12519K [0x00000000c4200000, 0x00000000c6e80000, 0x00000000ec100000)
  object space 45568K, 27% used [0x00000000c4200000,0x00000000c4e39eb0,0x00000000c6e80000)
 Metaspace       used 26108K, capacity 26554K, committed 26752K, reserved 1073152K
  class space    used 3573K, capacity 3707K, committed 3712K, reserved 1048576K
Event: 12.004 GC heap after
Heap after GC invocations=9 (full 1):
 PSYoungGen      total 75264K, used 5571K [0x00000000ec100000, 0x00000000f4600000, 0x0000000100000000)
  eden space 69632K, 0% used [0x00000000ec100000,0x00000000ec100000,0x00000000f0500000)
  from space 5632K, 98% used [0x00000000f4080000,0x00000000f45f0ef0,0x00000000f4600000)
  to   space 8704K, 0% used [0x00000000f3500000,0x00000000f3500000,0x00000000f3d80000)
 ParOldGen       total 45568K, used 12527K [0x00000000c4200000, 0x00000000c6e80000, 0x00000000ec100000)
  object space 45568K, 27% used [0x00000000c4200000,0x00000000c4e3beb0,0x00000000c6e80000)
 Metaspace       used 26108K, capacity 26554K, committed 26752K, reserved 1073152K
  class space    used 3573K, capacity 3707K, committed 3712K, reserved 1048576K
}
Event: 20.083 GC heap before
{Heap before GC invocations=10 (full 1):
 PSYoungGen      total 75264K, used 75203K [0x00000000ec100000, 0x00000000f4600000, 0x0000000100000000)
  eden space 69632K, 100% used [0x00000000ec100000,0x00000000f0500000,0x00000000f0500000)
  from space 5632K, 98% used [0x00000000f4080000,0x00000000f45f0ef0,0x00000000f4600000)
  to   space 8704K, 0% used [0x00000000f3500000,0x00000000f3500000,0x00000000f3d80000)
 ParOldGen       total 45568K, used 12527K [0x00000000c4200000, 0x00000000c6e80000, 0x00000000ec100000)
  object space 45568K, 27% used [0x00000000c4200000,0x00000000c4e3beb0,0x00000000c6e80000)
 Metaspace       used 30474K, capacity 30974K, committed 31232K, reserved 1077248K
  class space    used 4088K, capacity 4264K, committed 4352K, reserved 1048576K
Event: 20.142 GC heap after
Heap after GC invocations=10 (full 1):
 PSYoungGen      total 82432K, used 7500K [0x00000000ec100000, 0x00000000f4100000, 0x0000000100000000)
  eden space 74752K, 0% used [0x00000000ec100000,0x00000000ec100000,0x00000000f0a00000)
  from space 7680K, 97% used [0x00000000f3500000,0x00000000f3c53218,0x00000000f3c80000)
  to   space 4608K, 0% used [0x00000000f3c80000,0x00000000f3c80000,0x00000000f4100000)
 ParOldGen       total 45568K, used 12527K [0x00000000c4200000, 0x00000000c6e80000, 0x00000000ec100000)
  object space 45568K, 27% used [0x00000000c4200000,0x00000000c4e3beb0,0x00000000c6e80000)
 Metaspace       used 30474K, capacity 30974K, committed 31232K, reserved 1077248K
  class space    used 4088K, capacity 4264K, committed 4352K, reserved 1048576K
}
Event: 27.037 GC heap before
{Heap before GC invocations=11 (full 1):
 PSYoungGen      total 82432K, used 82252K [0x00000000ec100000, 0x00000000f4100000, 0x0000000100000000)
  eden space 74752K, 100% used [0x00000000ec100000,0x00000000f0a00000,0x00000000f0a00000)
  from space 7680K, 97% used [0x00000000f3500000,0x00000000f3c53218,0x00000000f3c80000)
  to   space 4608K, 0% used [0x00000000f3c80000,0x00000000f3c80000,0x00000000f4100000)
 ParOldGen       total 45568K, used 12527K [0x00000000c4200000, 0x00000000c6e80000, 0x00000000ec100000)
  object space 45568K, 27% used [0x00000000c4200000,0x00000000c4e3beb0,0x00000000c6e80000)
 Metaspace       used 34256K, capacity 34798K, committed 35328K, reserved 1079296K
  class space    used 4563K, capacity 4741K, committed 4864K, reserved 1048576K
Event: 27.148 GC heap after
Heap after GC invocations=11 (full 1):
 PSYoungGen      total 84992K, used 4607K [0x00000000ec100000, 0x00000000f4100000, 0x0000000100000000)
  eden space 80384K, 0% used [0x00000000ec100000,0x00000000ec100000,0x00000000f0f80000)
  from space 4608K, 99% used [0x00000000f3c80000,0x00000000f40ffe08,0x00000000f4100000)
  to   space 11264K, 0% used [0x00000000f2b00000,0x00000000f2b00000,0x00000000f3600000)
 ParOldGen       total 45568K, used 19576K [0x00000000c4200000, 0x00000000c6e80000, 0x00000000ec100000)
  object space 45568K, 42% used [0x00000000c4200000,0x00000000c551e350,0x00000000c6e80000)
 Metaspace       used 34256K, capacity 34798K, committed 35328K, reserved 1079296K
  class space    used 4563K, capacity 4741K, committed 4864K, reserved 1048576K
}
Event: 29.268 GC heap before
{Heap before GC invocations=12 (full 1):
 PSYoungGen      total 84992K, used 31945K [0x00000000ec100000, 0x00000000f4100000, 0x0000000100000000)
  eden space 80384K, 34% used [0x00000000ec100000,0x00000000edbb2708,0x00000000f0f80000)
  from space 4608K, 99% used [0x00000000f3c80000,0x00000000f40ffe08,0x00000000f4100000)
  to   space 11264K, 0% used [0x00000000f2b00000,0x00000000f2b00000,0x00000000f3600000)
 ParOldGen       total 45568K, used 19576K [0x00000000c4200000, 0x00000000c6e80000, 0x00000000ec100000)
  object space 45568K, 42% used [0x00000000c4200000,0x00000000c551e350,0x00000000c6e80000)
 Metaspace       used 34766K, capacity 35292K, committed 35496K, reserved 1079296K
  class space    used 4631K, capacity 4843K, committed 4864K, reserved 1048576K
Event: 30.249 GC heap after
Heap after GC invocations=12 (full 1):
 PSYoungGen      total 107520K, used 7450K [0x00000000ec100000, 0x00000000f3d00000, 0x0000000100000000)
  eden space 99840K, 0% used [0x00000000ec100000,0x00000000ec100000,0x00000000f2280000)
  from space 7680K, 97% used [0x00000000f2b00000,0x00000000f3246a88,0x00000000f3280000)
  to   space 10752K, 0% used [0x00000000f3280000,0x00000000f3280000,0x00000000f3d00000)
 ParOldGen       total 45568K, used 19584K [0x00000000c4200000, 0x00000000c6e80000, 0x00000000ec100000)
  object space 45568K, 42% used [0x00000000c4200000,0x00000000c5520350,0x00000000c6e80000)
 Metaspace       used 34766K, capacity 35292K, committed 35496K, reserved 1079296K
  class space    used 4631K, capacity 4843K, committed 4864K, reserved 1048576K
}
Event: 30.254 GC heap before
{Heap before GC invocations=13 (full 2):
 PSYoungGen      total 107520K, used 7450K [0x00000000ec100000, 0x00000000f3d00000, 0x0000000100000000)
  eden space 99840K, 0% used [0x00000000ec100000,0x00000000ec100000,0x00000000f2280000)
  from space 7680K, 97% used [0x00000000f2b00000,0x00000000f3246a88,0x00000000f3280000)
  to   space 10752K, 0% used [0x00000000f3280000,0x00000000f3280000,0x00000000f3d00000)
 ParOldGen       total 45568K, used 19584K [0x00000000c4200000, 0x00000000c6e80000, 0x00000000ec100000)
  object space 45568K, 42% used [0x00000000c4200000,0x00000000c5520350,0x00000000c6e80000)
 Metaspace       used 34766K, capacity 35292K, committed 35496K, reserved 1079296K
  class space    used 4631K, capacity 4843K, committed 4864K, reserved 1048576K

